<?xml version="1.0" encoding="UTF-8"?>
<!-- Generated by org.testng.reporters.JUnitReportReporter -->
<testsuite hostname="Sailajas-MacBook-Air.local" failures="0" tests="1" name="TrainingTests.Jquery" time="6.527" errors="0" timestamp="2021-03-31T19:32:32 EDT" skipped="0">
  <testcase classname="TrainingTests.Jquery" name="JqueryDemo" time="6.527"/>
  <system-out/>
</testsuite> <!-- TrainingTests.Jquery -->
