<?xml version="1.0" encoding="UTF-8"?>
<!-- Generated by org.testng.reporters.JUnitReportReporter -->
<testsuite hostname="Sailajas-MacBook-Air.local" failures="0" tests="1" name="TrainingTests.MultiselectDD" time="6.522" errors="0" timestamp="2021-03-31T20:51:30 EDT" skipped="0">
  <testcase classname="TrainingTests.MultiselectDD" name="multi_dd" time="6.522"/>
  <system-out/>
</testsuite> <!-- TrainingTests.MultiselectDD -->
