<?xml version="1.0" encoding="UTF-8"?>
<!-- Generated by org.testng.reporters.JUnitReportReporter -->
<testsuite hostname="Sailajas-MacBook-Air.local" failures="0" tests="1" name="TrainingTests.JavaScriptExecutorDemo" time="8.650" errors="0" timestamp="2021-03-27T19:57:54 EDT" skipped="0">
  <testcase classname="TrainingTests.JavaScriptExecutorDemo" name="windowSwitchTest" time="8.650"/>
  <system-out/>
</testsuite> <!-- TrainingTests.JavaScriptExecutorDemo -->
