<?xml version="1.0" encoding="UTF-8"?>
<!-- Generated by org.testng.reporters.JUnitReportReporter -->
<testsuite hostname="Sailajas-MacBook-Air.local" failures="0" tests="6" name="TrainingTests.TestNGDemo1" time="0.023" errors="0" timestamp="2021-04-04T17:08:17 EDT" skipped="0">
  <testcase classname="TrainingTests.TestNGDemo1" name="zoo" time="0.007"/>
  <system-out/>
  <testcase classname="TrainingTests.TestNGDemo1" name="testMethod4" time="0.003"/>
  <system-out/>
  <testcase classname="TrainingTests.TestNGDemo1" name="testMethod2" time="0.003"/>
  <system-out/>
  <testcase classname="TrainingTests.TestNGDemo1" name="testMethod3" time="0.003"/>
  <system-out/>
  <testcase classname="TrainingTests.TestNGDemo1" name="test1" time="0.000"/>
  <system-out/>
  <testcase classname="TrainingTests.TestNGDemo1" name="test2" time="0.007"/>
  <system-out/>
</testsuite> <!-- TrainingTests.TestNGDemo1 -->
