<?xml version="1.0" encoding="UTF-8"?>
<!-- Generated by org.testng.reporters.JUnitReportReporter -->
<testsuite hostname="Sailajas-MacBook-Air.local" failures="0" tests="1" name="TrainingTests.TestActions" time="8.994" errors="0" timestamp="2021-03-23T21:11:44 EDT" skipped="0">
  <testcase classname="TrainingTests.TestActions" name="testActions" time="8.994"/>
  <system-out/>
</testsuite> <!-- TrainingTests.TestActions -->
