<?xml version="1.0" encoding="UTF-8"?>
<!-- Generated by org.testng.reporters.JUnitReportReporter -->
<testsuite hostname="Sailajas-MacBook-Air.local" failures="0" tests="1" name="TrainingTests.ActionClasses" time="9.138" errors="0" timestamp="2021-03-31T20:42:48 EDT" skipped="0">
  <testcase classname="TrainingTests.ActionClasses" name="testActions" time="9.138"/>
  <system-out/>
</testsuite> <!-- TrainingTests.ActionClasses -->
