<?xml version="1.0" encoding="UTF-8"?>
<!-- Generated by org.testng.reporters.JUnitReportReporter -->
<testsuite hostname="Sailajas-MacBook-Air.local" failures="0" tests="1" name="TrainingTests.ScreenShots" time="6.679" errors="0" timestamp="2021-03-23T21:39:19 EDT" skipped="0">
  <testcase classname="TrainingTests.ScreenShots" name="screenShots" time="6.679"/>
  <system-out/>
</testsuite> <!-- TrainingTests.ScreenShots -->
