<?xml version="1.0" encoding="UTF-8"?>
<!-- Generated by org.testng.reporters.JUnitReportReporter -->
<testsuite hostname="Sailajas-MacBook-Air.local" failures="0" tests="1" name="TrainingTests.FileUploadDemo" time="18.300" errors="0" timestamp="2021-03-29T11:43:02 EDT" skipped="0">
  <testcase classname="TrainingTests.FileUploadDemo" name="fileUpload" time="18.300"/>
  <system-out/>
</testsuite> <!-- TrainingTests.FileUploadDemo -->
