<?xml version="1.0" encoding="UTF-8"?>
<!-- Generated by org.testng.reporters.JUnitReportReporter -->
<testsuite hostname="Sailajas-MacBook-Air.local" failures="0" tests="1" name="TrainingTests.WebElementsTest" time="17.099" errors="0" timestamp="2021-03-23T14:35:00 EDT" skipped="0">
  <testcase classname="TrainingTests.WebElementsTest" name="testRadioButton" time="17.099"/>
  <system-out/>
</testsuite> <!-- TrainingTests.WebElementsTest -->
