<?xml version="1.0" encoding="UTF-8"?>
<!-- Generated by org.testng.reporters.JUnitReportReporter -->
<testsuite hostname="Sailajas-MacBook-Air.local" failures="0" tests="1" name="TrainingTests.DragnDrop" time="7.826" errors="0" timestamp="2021-03-26T12:10:22 EDT" skipped="0">
  <testcase classname="TrainingTests.DragnDrop" name="testDrag" time="7.826"/>
  <system-out/>
</testsuite> <!-- TrainingTests.DragnDrop -->
