<?xml version="1.0" encoding="UTF-8"?>
<!-- Generated by org.testng.reporters.JUnitReportReporter -->
<testsuite hostname="Sailajas-MacBook-Air.local" failures="0" tests="1" name="TrainingTests.DragandDrop$ActionClasses" time="8.084" errors="0" timestamp="2021-03-24T17:43:36 EDT" skipped="0">
  <testcase classname="TrainingTests.DragandDrop$ActionClasses" name="testActions" time="8.084"/>
  <system-out/>
</testsuite> <!-- TrainingTests.DragandDrop$ActionClasses -->
