<?xml version="1.0" encoding="UTF-8"?>
<!-- Generated by org.testng.reporters.JUnitReportReporter -->
<testsuite hostname="Sailajas-MacBook-Air.local" failures="0" tests="1" name="TrainingTests.TableHandling" time="12.437" errors="0" timestamp="2021-03-23T21:14:34 EDT" skipped="0">
  <testcase classname="TrainingTests.TableHandling" name="TableHandlingDemo" time="12.437"/>
  <system-out/>
</testsuite> <!-- TrainingTests.TableHandling -->
