<?xml version="1.0" encoding="UTF-8"?>
<!-- Generated by org.testng.reporters.JUnitReportReporter -->
<testsuite hostname="Sailajas-MacBook-Air.local" failures="0" tests="1" name="TrainingTests.AlertsHandling" time="9.427" errors="0" timestamp="2021-03-23T18:33:25 EDT" skipped="0">
  <testcase classname="TrainingTests.AlertsHandling" name="AlertDemo" time="9.427"/>
  <system-out/>
</testsuite> <!-- TrainingTests.AlertsHandling -->
